
> ats-frontend@1.0.0 build
> next build

   ▲ Next.js 14.1.0

   Creating an optimized production build ...
Failed to compile.

./app/dashboard/page.tsx
Module not found: Can't resolve '@mui/icons-material/Refresh'

https://nextjs.org/docs/messages/module-not-found

./app/page.tsx
Module not found: Can't resolve '@mui/icons-material/Person'

https://nextjs.org/docs/messages/module-not-found

./app/settings/page.tsx
Module not found: Can't resolve '@mui/icons-material/Save'

https://nextjs.org/docs/messages/module-not-found

./components/Sidebar.tsx
Module not found: Can't resolve '@mui/icons-material/Person'

https://nextjs.org/docs/messages/module-not-found

./components/Sidebar.tsx
Module not found: Can't resolve '@mui/icons-material/Settings'

https://nextjs.org/docs/messages/module-not-found


> Build failed because of webpack errors
